Using pre-set license
Built from '2021.3/staging' branch; Version is '2021.3.40f1 (6fcab7dbbbc1) revision 7326391'; Using compiler version '192829333'; Build Type 'Release'
OS: 'Windows 11  (10.0.22621) 64bit ProfessionalWorkstation' Language: 'zh' Physical Memory: 32509 MB
BatchMode: 1, IsHumanControllingUs: 0, StartBugReporterOnCrash: 0, Is64bit: 1, IsPro: 1

COMMAND LINE ARGUMENTS:
E:\RanJian\Unity 2021.3.40f1\Editor\Unity.exe
-adb2
-batchMode
-noUpm
-name
AssetImportWorker0
-projectPath
E:/Work/Cursor/DoomsdaySSW4/DoomsdaySSW4
-logFile
Logs/AssetImportWorker0.log
-srvPort
9427
Successfully changed project path to: E:/Work/Cursor/DoomsdaySSW4/DoomsdaySSW4
E:/Work/Cursor/DoomsdaySSW4/DoomsdaySSW4
[UnityMemory] Configuration Parameters - Can be set up in boot.config
    "memorysetup-bucket-allocator-granularity=16"
    "memorysetup-bucket-allocator-bucket-count=8"
    "memorysetup-bucket-allocator-block-size=33554432"
    "memorysetup-bucket-allocator-block-count=8"
    "memorysetup-main-allocator-block-size=16777216"
    "memorysetup-thread-allocator-block-size=16777216"
    "memorysetup-gfx-main-allocator-block-size=16777216"
    "memorysetup-gfx-thread-allocator-block-size=16777216"
    "memorysetup-cache-allocator-block-size=4194304"
    "memorysetup-typetree-allocator-block-size=2097152"
    "memorysetup-profiler-bucket-allocator-granularity=16"
    "memorysetup-profiler-bucket-allocator-bucket-count=8"
    "memorysetup-profiler-bucket-allocator-block-size=33554432"
    "memorysetup-profiler-bucket-allocator-block-count=8"
    "memorysetup-profiler-allocator-block-size=16777216"
    "memorysetup-profiler-editor-allocator-block-size=1048576"
    "memorysetup-temp-allocator-size-main=16777216"
    "memorysetup-job-temp-allocator-block-size=2097152"
    "memorysetup-job-temp-allocator-block-size-background=1048576"
    "memorysetup-job-temp-allocator-reduction-small-platforms=262144"
    "memorysetup-temp-allocator-size-background-worker=32768"
    "memorysetup-temp-allocator-size-job-worker=262144"
    "memorysetup-temp-allocator-size-preload-manager=33554432"
    "memorysetup-temp-allocator-size-nav-mesh-worker=65536"
    "memorysetup-temp-allocator-size-audio-worker=65536"
    "memorysetup-temp-allocator-size-cloud-worker=32768"
    "memorysetup-temp-allocator-size-gi-baking-worker=262144"
    "memorysetup-temp-allocator-size-gfx=262144"
Player connection [36972] Host "[IP] 192.168.21.253 [Port] 0 [Flags] 2 [Guid] 210256231 [EditorId] 210256231 [Version] 1048832 [Id] WindowsEditor(7,DESKTOP-1UK9JVT) [Debug] 1 [PackageName] WindowsEditor [ProjectName] Editor" joined multi-casting on [225.0.0.222:54997]...

Player connection [36972] Host "[IP] 192.168.21.253 [Port] 0 [Flags] 2 [Guid] 210256231 [EditorId] 210256231 [Version] 1048832 [Id] WindowsEditor(7,DESKTOP-1UK9JVT) [Debug] 1 [PackageName] WindowsEditor [ProjectName] Editor" joined alternative multi-casting on [225.0.0.222:34997]...

[Physics::Module] Initialized MultithreadedJobDispatcher with {0} workers.
Refreshing native plugins compatible for Editor in 52.51 ms, found 4 plugins.
Preloading 0 native plugins for Editor in 0.00 ms.
Initialize engine version: 2021.3.40f1 (6fcab7dbbbc1)
[Subsystems] Discovering subsystems at path E:/RanJian/Unity 2021.3.40f1/Editor/Data/Resources/UnitySubsystems
[Subsystems] Discovering subsystems at path E:/Work/Cursor/DoomsdaySSW4/DoomsdaySSW4/Assets
GfxDevice: creating device client; threaded=0; jobified=0
Direct3D:
    Version:  Direct3D 11.0 [level 11.1]
    Renderer: NVIDIA GeForce RTX 3060 (ID=0x2504)
    Vendor:   NVIDIA
    VRAM:     12115 MB
    Driver:   32.0.15.8142
Initialize mono
Mono path[0] = 'E:/RanJian/Unity 2021.3.40f1/Editor/Data/Managed'
Mono path[1] = 'E:/RanJian/Unity 2021.3.40f1/Editor/Data/MonoBleedingEdge/lib/mono/unityjit-win32'
Mono config path = 'E:/RanJian/Unity 2021.3.40f1/Editor/Data/MonoBleedingEdge/etc'
Using monoOptions --debugger-agent=transport=dt_socket,embedding=1,server=y,suspend=n,address=127.0.0.1:56304
Begin MonoManager ReloadAssembly
Registering precompiled unity dll's ...
Register platform support module: E:/RanJian/Unity 2021.3.40f1/Editor/Data/PlaybackEngines/AndroidPlayer/UnityEditor.Android.Extensions.dll
Register platform support module: E:/RanJian/Unity 2021.3.40f1/Editor/Data/PlaybackEngines/WindowsStandaloneSupport/UnityEditor.WindowsStandalone.Extensions.dll
Registered in 0.001338 seconds.
Native extension for WindowsStandalone target not found
Native extension for Android target not found
Refreshing native plugins compatible for Editor in 51.32 ms, found 4 plugins.
Preloading 0 native plugins for Editor in 0.00 ms.
Mono: successfully reloaded assembly
- Completed reload, in  0.437 seconds
Domain Reload Profiling:
	ReloadAssembly (437ms)
		BeginReloadAssembly (67ms)
			ExecutionOrderSort (0ms)
			DisableScriptedObjects (0ms)
			BackupInstance (0ms)
			ReleaseScriptingObjects (0ms)
			CreateAndSetChildDomain (1ms)
		EndReloadAssembly (317ms)
			LoadAssemblies (67ms)
			RebuildTransferFunctionScriptingTraits (0ms)
			SetupTypeCache (67ms)
			ReleaseScriptCaches (0ms)
			RebuildScriptCaches (18ms)
			SetupLoadedEditorAssemblies (207ms)
				LogAssemblyErrors (0ms)
				InitializePlatformSupportModulesInManaged (52ms)
				SetLoadedEditorAssemblies (0ms)
				RefreshPlugins (51ms)
				BeforeProcessingInitializeOnLoad (1ms)
				ProcessInitializeOnLoadAttributes (71ms)
				ProcessInitializeOnLoadMethodAttributes (31ms)
				AfterProcessingInitializeOnLoad (0ms)
				EditorAssembliesLoaded (0ms)
			ExecutionOrderSort2 (0ms)
			AwakeInstancesAfterBackupRestoration (0ms)
Platform modules already initialized, skipping
Registering precompiled user dll's ...
Registered in 0.003309 seconds.
Begin MonoManager ReloadAssembly
Native extension for WindowsStandalone target not found
Native extension for Android target not found
Refreshing native plugins compatible for Editor in 51.05 ms, found 4 plugins.
Preloading 0 native plugins for Editor in 0.00 ms.
Package Manager log level set to [2]
[Package Manager] Server::EnsureServerProcessIsRunning -- launch failed, reason: Unity was launched with the -noUpm command-line argument
[Package Manager] Cannot connect to Unity Package Manager local server
Mono: successfully reloaded assembly
- Completed reload, in  1.216 seconds
Domain Reload Profiling:
	ReloadAssembly (1218ms)
		BeginReloadAssembly (83ms)
			ExecutionOrderSort (0ms)
			DisableScriptedObjects (3ms)
			BackupInstance (0ms)
			ReleaseScriptingObjects (0ms)
			CreateAndSetChildDomain (15ms)
		EndReloadAssembly (1075ms)
			LoadAssemblies (68ms)
			RebuildTransferFunctionScriptingTraits (0ms)
			SetupTypeCache (149ms)
			ReleaseScriptCaches (0ms)
			RebuildScriptCaches (39ms)
			SetupLoadedEditorAssemblies (798ms)
				LogAssemblyErrors (0ms)
				InitializePlatformSupportModulesInManaged (12ms)
				SetLoadedEditorAssemblies (0ms)
				RefreshPlugins (51ms)
				BeforeProcessingInitializeOnLoad (54ms)
				ProcessInitializeOnLoadAttributes (651ms)
				ProcessInitializeOnLoadMethodAttributes (29ms)
				AfterProcessingInitializeOnLoad (2ms)
				EditorAssembliesLoaded (0ms)
			ExecutionOrderSort2 (0ms)
			AwakeInstancesAfterBackupRestoration (4ms)
Platform modules already initialized, skipping
========================================================================
Worker process is ready to serve import requests
Launched and connected shader compiler UnityShaderCompiler.exe after 0.03 seconds
Refreshing native plugins compatible for Editor in 2.29 ms, found 4 plugins.
Preloading 0 native plugins for Editor in 0.00 ms.
Unloading 3927 Unused Serialized files (Serialized files now loaded: 0)
Unloading 37 unused Assets / (46.5 KB). Loaded Objects now: 4387.
Memory consumption went from 154.1 MB to 154.1 MB.
Total: 3.547800 ms (FindLiveObjects: 0.360100 ms CreateObjectMapping: 0.133900 ms MarkObjects: 2.972500 ms  DeleteObjects: 0.080400 ms)

AssetImportParameters requested are different than current active one (requested -> active):
  custom:video-decoder-ogg-theora: a1e56fd34408186e4bbccfd4996cb3dc -> 
  custom:container-muxer-webm: aa71ff27fc2769a1b78a27578f13a17b -> 
  custom:container-demuxer-webm: 4f35f7cbe854078d1ac9338744f61a02 -> 
  custom:video-encoder-webm-vp8: eb34c28f22e8b96e1ab97ce403110664 -> 
  custom:CustomObjectIndexerAttribute: bc11b3a6c3213fcdd17b65e7da85e133 -> 
  custom:audio-encoder-webm-vorbis: bf7c407c2cedff20999df2af8eb42d56 -> 
  custom:framework-win-MediaFoundation: 216162199b28c13a410421893ffa2e32 -> 
  custom:SearchIndexIgnoredProperties: e643bd26f0fe6173181afceb89e7c659 -> 
  custom:container-demuxer-ogg: 62fdf1f143b41e24485cea50d1cbac27 -> 
  custom:video-decoder-webm-vp8: 9c59270c3fd7afecdb556c50c9e8de78 -> 
  custom:audio-decoder-ogg-vorbis: bf7c407c2cedff20999df2af8eb42d56 -> 
========================================================================
Received Import Request.
  Time since last request: 988844.496465 seconds.
  path: Assets/TextMesh Pro/Fonts/msyh.ttc
  artifactKey: Guid(500cfe93232b1654399b276156a9dc9b) Importer(815301076,1909f56bfc062723c751e8b465ee728b)
Number of updated assets reloaded before import = 0
Start importing Assets/TextMesh Pro/Fonts/msyh.ttc using Guid(500cfe93232b1654399b276156a9dc9b) Importer(815301076,1909f56bfc062723c751e8b465ee728b)  -> (artifact id: '8b51a4cd51a8473709931890871d139f') in 0.438795 seconds 
Number of asset objects unloaded after import = 4
========================================================================
Received Import Request.
  Time since last request: 79.457272 seconds.
  path: Assets/TextMesh Pro/Examples & Extras/Resources/Fonts & Materials/Anton SDF.asset
  artifactKey: Guid(8a89fa14b10d46a99122fd4f73fca9a2) Importer(815301076,1909f56bfc062723c751e8b465ee728b)
Number of updated assets reloaded before import = 0
Start importing Assets/TextMesh Pro/Examples & Extras/Resources/Fonts & Materials/Anton SDF.asset using Guid(8a89fa14b10d46a99122fd4f73fca9a2) Importer(815301076,1909f56bfc062723c751e8b465ee728b)  -> (artifact id: '0af711ab3c8510d92bc94c9827bbc575') in 0.229528 seconds 
Number of asset objects unloaded after import = 6
========================================================================
Received Import Request.
  Time since last request: 0.000027 seconds.
  path: Assets/TextMesh Pro/Fonts/Lato-Regular SDF.asset
  artifactKey: Guid(7caa5bec7f202d642a9d1ef42366e4cc) Importer(815301076,1909f56bfc062723c751e8b465ee728b)
Number of updated assets reloaded before import = 0
Start importing Assets/TextMesh Pro/Fonts/Lato-Regular SDF.asset using Guid(7caa5bec7f202d642a9d1ef42366e4cc) Importer(815301076,1909f56bfc062723c751e8b465ee728b)  -> (artifact id: '2c791923ff64baebb8de83149edb673f') in 0.022351 seconds 
Number of asset objects unloaded after import = 6
========================================================================
Received Import Request.
  Time since last request: 0.000027 seconds.
  path: Assets/TextMesh Pro/Fonts/msyh SDF.asset
  artifactKey: Guid(0ab51f319e7c705408d65b8c4e4cfacb) Importer(815301076,1909f56bfc062723c751e8b465ee728b)
Number of updated assets reloaded before import = 0
Start importing Assets/TextMesh Pro/Fonts/msyh SDF.asset using Guid(0ab51f319e7c705408d65b8c4e4cfacb) Importer(815301076,1909f56bfc062723c751e8b465ee728b)  -> (artifact id: '21016f666174b3293653569104863a64') in 0.042361 seconds 
Number of asset objects unloaded after import = 6
========================================================================
Received Prepare
Registering precompiled user dll's ...
Registered in 0.002391 seconds.
Begin MonoManager ReloadAssembly
Native extension for WindowsStandalone target not found
Native extension for Android target not found
Refreshing native plugins compatible for Editor in 0.50 ms, found 4 plugins.
Preloading 0 native plugins for Editor in 0.00 ms.
[Package Manager] Server::EnsureServerProcessIsRunning -- launch failed, reason: Unity was launched with the -noUpm command-line argument
[Package Manager] Cannot connect to Unity Package Manager local server
Mono: successfully reloaded assembly
- Completed reload, in  1.176 seconds
Domain Reload Profiling:
	ReloadAssembly (1176ms)
		BeginReloadAssembly (115ms)
			ExecutionOrderSort (0ms)
			DisableScriptedObjects (4ms)
			BackupInstance (0ms)
			ReleaseScriptingObjects (0ms)
			CreateAndSetChildDomain (35ms)
		EndReloadAssembly (1005ms)
			LoadAssemblies (74ms)
			RebuildTransferFunctionScriptingTraits (0ms)
			SetupTypeCache (159ms)
			ReleaseScriptCaches (1ms)
			RebuildScriptCaches (32ms)
			SetupLoadedEditorAssemblies (732ms)
				LogAssemblyErrors (0ms)
				InitializePlatformSupportModulesInManaged (14ms)
				SetLoadedEditorAssemblies (0ms)
				RefreshPlugins (1ms)
				BeforeProcessingInitializeOnLoad (44ms)
				ProcessInitializeOnLoadAttributes (650ms)
				ProcessInitializeOnLoadMethodAttributes (22ms)
				AfterProcessingInitializeOnLoad (1ms)
				EditorAssembliesLoaded (0ms)
			ExecutionOrderSort2 (0ms)
			AwakeInstancesAfterBackupRestoration (4ms)
Platform modules already initialized, skipping
Refreshing native plugins compatible for Editor in 0.42 ms, found 4 plugins.
Preloading 0 native plugins for Editor in 0.00 ms.
Unloading 3902 Unused Serialized files (Serialized files now loaded: 0)
Unloading 26 unused Assets / (21.9 KB). Loaded Objects now: 4434.
Memory consumption went from 152.0 MB to 152.0 MB.
Total: 2.530100 ms (FindLiveObjects: 0.227400 ms CreateObjectMapping: 0.088600 ms MarkObjects: 2.196400 ms  DeleteObjects: 0.017000 ms)

AssetImportParameters requested are different than current active one (requested -> active):
  custom:video-decoder-ogg-theora: a1e56fd34408186e4bbccfd4996cb3dc -> 
  custom:container-muxer-webm: aa71ff27fc2769a1b78a27578f13a17b -> 
  custom:container-demuxer-webm: 4f35f7cbe854078d1ac9338744f61a02 -> 
  custom:video-encoder-webm-vp8: eb34c28f22e8b96e1ab97ce403110664 -> 
  custom:CustomObjectIndexerAttribute: bc11b3a6c3213fcdd17b65e7da85e133 -> 
  custom:audio-encoder-webm-vorbis: bf7c407c2cedff20999df2af8eb42d56 -> 
  custom:framework-win-MediaFoundation: 216162199b28c13a410421893ffa2e32 -> 
  custom:SearchIndexIgnoredProperties: e643bd26f0fe6173181afceb89e7c659 -> 
  custom:container-demuxer-ogg: 62fdf1f143b41e24485cea50d1cbac27 -> 
  custom:video-decoder-webm-vp8: 9c59270c3fd7afecdb556c50c9e8de78 -> 
  custom:audio-decoder-ogg-vorbis: bf7c407c2cedff20999df2af8eb42d56 -> 
========================================================================
Received Prepare
Registering precompiled user dll's ...
Registered in 0.002582 seconds.
Begin MonoManager ReloadAssembly
Native extension for WindowsStandalone target not found
Native extension for Android target not found
Refreshing native plugins compatible for Editor in 0.50 ms, found 4 plugins.
Preloading 0 native plugins for Editor in 0.00 ms.
[Package Manager] Server::EnsureServerProcessIsRunning -- launch failed, reason: Unity was launched with the -noUpm command-line argument
[Package Manager] Cannot connect to Unity Package Manager local server
Mono: successfully reloaded assembly
- Completed reload, in  1.168 seconds
Domain Reload Profiling:
	ReloadAssembly (1168ms)
		BeginReloadAssembly (114ms)
			ExecutionOrderSort (0ms)
			DisableScriptedObjects (5ms)
			BackupInstance (0ms)
			ReleaseScriptingObjects (0ms)
			CreateAndSetChildDomain (35ms)
		EndReloadAssembly (999ms)
			LoadAssemblies (76ms)
			RebuildTransferFunctionScriptingTraits (0ms)
			SetupTypeCache (146ms)
			ReleaseScriptCaches (1ms)
			RebuildScriptCaches (31ms)
			SetupLoadedEditorAssemblies (736ms)
				LogAssemblyErrors (0ms)
				InitializePlatformSupportModulesInManaged (14ms)
				SetLoadedEditorAssemblies (0ms)
				RefreshPlugins (1ms)
				BeforeProcessingInitializeOnLoad (43ms)
				ProcessInitializeOnLoadAttributes (655ms)
				ProcessInitializeOnLoadMethodAttributes (22ms)
				AfterProcessingInitializeOnLoad (2ms)
				EditorAssembliesLoaded (0ms)
			ExecutionOrderSort2 (0ms)
			AwakeInstancesAfterBackupRestoration (4ms)
Platform modules already initialized, skipping
Refreshing native plugins compatible for Editor in 0.51 ms, found 4 plugins.
Preloading 0 native plugins for Editor in 0.00 ms.
Unloading 3903 Unused Serialized files (Serialized files now loaded: 0)
Unloading 26 unused Assets / (22.0 KB). Loaded Objects now: 4438.
Memory consumption went from 152.1 MB to 152.0 MB.
Total: 2.850100 ms (FindLiveObjects: 0.355400 ms CreateObjectMapping: 0.153100 ms MarkObjects: 2.322700 ms  DeleteObjects: 0.017500 ms)

AssetImportParameters requested are different than current active one (requested -> active):
  custom:video-decoder-ogg-theora: a1e56fd34408186e4bbccfd4996cb3dc -> 
  custom:container-muxer-webm: aa71ff27fc2769a1b78a27578f13a17b -> 
  custom:container-demuxer-webm: 4f35f7cbe854078d1ac9338744f61a02 -> 
  custom:video-encoder-webm-vp8: eb34c28f22e8b96e1ab97ce403110664 -> 
  custom:CustomObjectIndexerAttribute: bc11b3a6c3213fcdd17b65e7da85e133 -> 
  custom:audio-encoder-webm-vorbis: bf7c407c2cedff20999df2af8eb42d56 -> 
  custom:framework-win-MediaFoundation: 216162199b28c13a410421893ffa2e32 -> 
  custom:SearchIndexIgnoredProperties: e643bd26f0fe6173181afceb89e7c659 -> 
  custom:container-demuxer-ogg: 62fdf1f143b41e24485cea50d1cbac27 -> 
  custom:video-decoder-webm-vp8: 9c59270c3fd7afecdb556c50c9e8de78 -> 
  custom:audio-decoder-ogg-vorbis: bf7c407c2cedff20999df2af8eb42d56 -> 
========================================================================
Received Import Request.
  Time since last request: 380.835076 seconds.
  path: Assets/TextMesh Pro/Fonts/msyh SDF.asset
  artifactKey: Guid(0ab51f319e7c705408d65b8c4e4cfacb) Importer(815301076,1909f56bfc062723c751e8b465ee728b)
Number of updated assets reloaded before import = 0
Start importing Assets/TextMesh Pro/Fonts/msyh SDF.asset using Guid(0ab51f319e7c705408d65b8c4e4cfacb) Importer(815301076,1909f56bfc062723c751e8b465ee728b)  -> (artifact id: '4cacb0312a308eb0a197c60693a01a40') in 0.069359 seconds 
Number of asset objects unloaded after import = 6
========================================================================
Received Import Request.
  Time since last request: 52.393786 seconds.
  path: Assets/TextMesh Pro/Examples & Extras/Fonts
  artifactKey: Guid(b63e0053080646b9819789bf3bf9fa17) Importer(815301076,1909f56bfc062723c751e8b465ee728b)
Number of updated assets reloaded before import = 0
Start importing Assets/TextMesh Pro/Examples & Extras/Fonts using Guid(b63e0053080646b9819789bf3bf9fa17) Importer(815301076,1909f56bfc062723c751e8b465ee728b)  -> (artifact id: 'f32141231e7b3483c82bc8194f3fc8c6') in 0.011913 seconds 
Number of asset objects unloaded after import = 0
========================================================================
Received Import Request.
  Time since last request: 517.237882 seconds.
  path: Assets/TextMesh Pro/Fonts/simhei.ttf
  artifactKey: Guid(36f68596a46f15949af3ceef1aa335f8) Importer(815301076,1909f56bfc062723c751e8b465ee728b)
Number of updated assets reloaded before import = 0
Start importing Assets/TextMesh Pro/Fonts/simhei.ttf using Guid(36f68596a46f15949af3ceef1aa335f8) Importer(815301076,1909f56bfc062723c751e8b465ee728b)  -> (artifact id: 'fc139397e34c118ae46dda48ffb71065') in 0.029900 seconds 
Number of asset objects unloaded after import = 4
========================================================================
Received Import Request.
  Time since last request: 187.406005 seconds.
  path: Assets/TextMesh Pro/Shaders/TMPro.cginc
  artifactKey: Guid(407bc68d299748449bbf7f48ee690f8d) Importer(815301076,1909f56bfc062723c751e8b465ee728b)
Number of updated assets reloaded before import = 0
Start importing Assets/TextMesh Pro/Shaders/TMPro.cginc using Guid(407bc68d299748449bbf7f48ee690f8d) Importer(815301076,1909f56bfc062723c751e8b465ee728b)  -> (artifact id: 'a1d8b5eeaa1fc65be87ea730aeec23ea') in 0.065226 seconds 
Number of asset objects unloaded after import = 1
========================================================================
Received Import Request.
  Time since last request: 0.000020 seconds.
  path: Assets/TextMesh Pro/Shaders/TMPro_Surface.cginc
  artifactKey: Guid(d930090c0cd643c7b55f19a38538c162) Importer(815301076,1909f56bfc062723c751e8b465ee728b)
Number of updated assets reloaded before import = 0
Start importing Assets/TextMesh Pro/Shaders/TMPro_Surface.cginc using Guid(d930090c0cd643c7b55f19a38538c162) Importer(815301076,1909f56bfc062723c751e8b465ee728b)  -> (artifact id: '7d808f99f35f7a7a0c0b02e6af78c4b1') in 0.029485 seconds 
Number of asset objects unloaded after import = 1
========================================================================
Received Import Request.
  Time since last request: 198.366488 seconds.
  path: Assets/TextMesh Pro/Resources/Fonts & Materials/simhei SDF.asset
  artifactKey: Guid(70cb52b25372a9e42af7a41db0b3c630) Importer(815301076,1909f56bfc062723c751e8b465ee728b)
Number of updated assets reloaded before import = 0
Start importing Assets/TextMesh Pro/Resources/Fonts & Materials/simhei SDF.asset using Guid(70cb52b25372a9e42af7a41db0b3c630) Importer(815301076,1909f56bfc062723c751e8b465ee728b)  -> (artifact id: '7d65defa35ffbf144644d6e6ffe52da0') in 0.052733 seconds 
Number of asset objects unloaded after import = 6
========================================================================
Received Import Request.
  Time since last request: 245.696163 seconds.
  path: Assets/TextMesh Pro/chinese_chars.txt
  artifactKey: Guid(fb244f7725937694f8e9a7b49241867d) Importer(815301076,1909f56bfc062723c751e8b465ee728b)
Number of updated assets reloaded before import = 0
Start importing Assets/TextMesh Pro/chinese_chars.txt using Guid(fb244f7725937694f8e9a7b49241867d) Importer(815301076,1909f56bfc062723c751e8b465ee728b)  -> (artifact id: '0da98e2656e7923097c593f350ebbcfa') in 0.015550 seconds 
Number of asset objects unloaded after import = 1
========================================================================
Received Import Request.
  Time since last request: 60.107707 seconds.
  path: Assets/TextMesh Pro/chinese_chars.txt
  artifactKey: Guid(fb244f7725937694f8e9a7b49241867d) Importer(815301076,1909f56bfc062723c751e8b465ee728b)
Number of updated assets reloaded before import = 0
Start importing Assets/TextMesh Pro/chinese_chars.txt using Guid(fb244f7725937694f8e9a7b49241867d) Importer(815301076,1909f56bfc062723c751e8b465ee728b)  -> (artifact id: 'caa9d0c7c33530b01a3975d45679a633') in 0.002574 seconds 
Number of asset objects unloaded after import = 1
========================================================================
Received Import Request.
  Time since last request: 74.722851 seconds.
  path: Assets/TextMesh Pro/Resources/Fonts & Materials/simhei SDF.asset
  artifactKey: Guid(70cb52b25372a9e42af7a41db0b3c630) Importer(815301076,1909f56bfc062723c751e8b465ee728b)
Number of updated assets reloaded before import = 0
Start importing Assets/TextMesh Pro/Resources/Fonts & Materials/simhei SDF.asset using Guid(70cb52b25372a9e42af7a41db0b3c630) Importer(815301076,1909f56bfc062723c751e8b465ee728b)  -> (artifact id: 'aa73bfc2f04476e3849d1cfa9f3c03e1') in 0.048553 seconds 
Number of asset objects unloaded after import = 6
========================================================================
Received Import Request.
  Time since last request: 134.382289 seconds.
  path: Assets/TextMesh Pro/Resources/Fonts & Materials/simhei SDF.asset
  artifactKey: Guid(70cb52b25372a9e42af7a41db0b3c630) Importer(815301076,1909f56bfc062723c751e8b465ee728b)
Number of updated assets reloaded before import = 0
Start importing Assets/TextMesh Pro/Resources/Fonts & Materials/simhei SDF.asset using Guid(70cb52b25372a9e42af7a41db0b3c630) Importer(815301076,1909f56bfc062723c751e8b465ee728b)  -> (artifact id: '8c8dfa3a09f1954eba3f6987a3d8dbd4') in 0.054814 seconds 
Number of asset objects unloaded after import = 6
========================================================================
Received Import Request.
  Time since last request: 121.800079 seconds.
  path: Assets/TextMesh Pro/Resources/Fonts & Materials/simhei SDF.asset
  artifactKey: Guid(70cb52b25372a9e42af7a41db0b3c630) Importer(815301076,1909f56bfc062723c751e8b465ee728b)
Number of updated assets reloaded before import = 0
Start importing Assets/TextMesh Pro/Resources/Fonts & Materials/simhei SDF.asset using Guid(70cb52b25372a9e42af7a41db0b3c630) Importer(815301076,1909f56bfc062723c751e8b465ee728b)  -> (artifact id: 'f81effcacaef0a53530adf751ba3e288') in 0.052925 seconds 
Number of asset objects unloaded after import = 6
========================================================================
Received Import Request.
  Time since last request: 141.645082 seconds.
  path: Assets/TextMesh Pro/Resources/Fonts & Materials/simhei SDF.asset
  artifactKey: Guid(70cb52b25372a9e42af7a41db0b3c630) Importer(815301076,1909f56bfc062723c751e8b465ee728b)
Number of updated assets reloaded before import = 0
Start importing Assets/TextMesh Pro/Resources/Fonts & Materials/simhei SDF.asset using Guid(70cb52b25372a9e42af7a41db0b3c630) Importer(815301076,1909f56bfc062723c751e8b465ee728b)  -> (artifact id: 'ce69f5271a9b650a2e613351466b44f4') in 0.044955 seconds 
Number of asset objects unloaded after import = 6
========================================================================
Received Import Request.
  Time since last request: 24.250909 seconds.
  path: Assets/TextMesh Pro/Resources/Fonts & Materials/simhei SDF.asset
  artifactKey: Guid(70cb52b25372a9e42af7a41db0b3c630) Importer(815301076,1909f56bfc062723c751e8b465ee728b)
Number of updated assets reloaded before import = 0
Start importing Assets/TextMesh Pro/Resources/Fonts & Materials/simhei SDF.asset using Guid(70cb52b25372a9e42af7a41db0b3c630) Importer(815301076,1909f56bfc062723c751e8b465ee728b)  -> (artifact id: '006ec1ec6c23717baa84194cb314f8cb') in 0.038330 seconds 
Number of asset objects unloaded after import = 6
========================================================================
Received Import Request.
  Time since last request: 57.542996 seconds.
  path: Assets/TextMesh Pro/Resources/Fonts & Materials/simhei SDF.asset
  artifactKey: Guid(70cb52b25372a9e42af7a41db0b3c630) Importer(815301076,1909f56bfc062723c751e8b465ee728b)
Number of updated assets reloaded before import = 0
Start importing Assets/TextMesh Pro/Resources/Fonts & Materials/simhei SDF.asset using Guid(70cb52b25372a9e42af7a41db0b3c630) Importer(815301076,1909f56bfc062723c751e8b465ee728b)  -> (artifact id: '82e6eb6ec38b0f4553cdb73c11287757') in 0.053417 seconds 
Number of asset objects unloaded after import = 6
========================================================================
Received Import Request.
  Time since last request: 254.214163 seconds.
  path: Assets/TextMesh Pro/Resources/Fonts & Materials/simhei SDF.asset
  artifactKey: Guid(70cb52b25372a9e42af7a41db0b3c630) Importer(815301076,1909f56bfc062723c751e8b465ee728b)
Number of updated assets reloaded before import = 0
Start importing Assets/TextMesh Pro/Resources/Fonts & Materials/simhei SDF.asset using Guid(70cb52b25372a9e42af7a41db0b3c630) Importer(815301076,1909f56bfc062723c751e8b465ee728b)  -> (artifact id: '55edd4e3bfac99065ba6b68911533843') in 0.167368 seconds 
Number of asset objects unloaded after import = 6
========================================================================
Received Import Request.
  Time since last request: 50.197916 seconds.
  path: Assets/TextMesh Pro/Resources/Fonts & Materials/simhei SDF.asset
  artifactKey: Guid(70cb52b25372a9e42af7a41db0b3c630) Importer(815301076,1909f56bfc062723c751e8b465ee728b)
Number of updated assets reloaded before import = 0
Start importing Assets/TextMesh Pro/Resources/Fonts & Materials/simhei SDF.asset using Guid(70cb52b25372a9e42af7a41db0b3c630) Importer(815301076,1909f56bfc062723c751e8b465ee728b)  -> (artifact id: 'b46d7ab37ebeb9558c4cd5d5c7f57f34') in 0.527500 seconds 
Number of asset objects unloaded after import = 6
========================================================================
Received Prepare
Registering precompiled user dll's ...
Registered in 0.002080 seconds.
Begin MonoManager ReloadAssembly
Native extension for WindowsStandalone target not found
Native extension for Android target not found
Refreshing native plugins compatible for Editor in 0.98 ms, found 4 plugins.
Preloading 0 native plugins for Editor in 0.00 ms.
[Package Manager] Server::EnsureServerProcessIsRunning -- launch failed, reason: Unity was launched with the -noUpm command-line argument
[Package Manager] Cannot connect to Unity Package Manager local server
Mono: successfully reloaded assembly
- Completed reload, in  1.156 seconds
Domain Reload Profiling:
	ReloadAssembly (1156ms)
		BeginReloadAssembly (110ms)
			ExecutionOrderSort (0ms)
			DisableScriptedObjects (4ms)
			BackupInstance (0ms)
			ReleaseScriptingObjects (0ms)
			CreateAndSetChildDomain (31ms)
		EndReloadAssembly (992ms)
			LoadAssemblies (76ms)
			RebuildTransferFunctionScriptingTraits (0ms)
			SetupTypeCache (145ms)
			ReleaseScriptCaches (1ms)
			RebuildScriptCaches (32ms)
			SetupLoadedEditorAssemblies (731ms)
				LogAssemblyErrors (0ms)
				InitializePlatformSupportModulesInManaged (14ms)
				SetLoadedEditorAssemblies (0ms)
				RefreshPlugins (1ms)
				BeforeProcessingInitializeOnLoad (45ms)
				ProcessInitializeOnLoadAttributes (646ms)
				ProcessInitializeOnLoadMethodAttributes (23ms)
				AfterProcessingInitializeOnLoad (1ms)
				EditorAssembliesLoaded (0ms)
			ExecutionOrderSort2 (0ms)
			AwakeInstancesAfterBackupRestoration (4ms)
Platform modules already initialized, skipping
Refreshing native plugins compatible for Editor in 0.53 ms, found 4 plugins.
Preloading 0 native plugins for Editor in 0.00 ms.
Unloading 3903 Unused Serialized files (Serialized files now loaded: 0)
Unloading 26 unused Assets / (22.0 KB). Loaded Objects now: 4441.
Memory consumption went from 152.5 MB to 152.5 MB.
Total: 2.395300 ms (FindLiveObjects: 0.196200 ms CreateObjectMapping: 0.090400 ms MarkObjects: 2.092100 ms  DeleteObjects: 0.016100 ms)

AssetImportParameters requested are different than current active one (requested -> active):
  custom:video-decoder-ogg-theora: a1e56fd34408186e4bbccfd4996cb3dc -> 
  custom:container-muxer-webm: aa71ff27fc2769a1b78a27578f13a17b -> 
  custom:container-demuxer-webm: 4f35f7cbe854078d1ac9338744f61a02 -> 
  custom:video-encoder-webm-vp8: eb34c28f22e8b96e1ab97ce403110664 -> 
  custom:CustomObjectIndexerAttribute: bc11b3a6c3213fcdd17b65e7da85e133 -> 
  custom:audio-encoder-webm-vorbis: bf7c407c2cedff20999df2af8eb42d56 -> 
  custom:framework-win-MediaFoundation: 216162199b28c13a410421893ffa2e32 -> 
  custom:SearchIndexIgnoredProperties: e643bd26f0fe6173181afceb89e7c659 -> 
  custom:container-demuxer-ogg: 62fdf1f143b41e24485cea50d1cbac27 -> 
  custom:video-decoder-webm-vp8: 9c59270c3fd7afecdb556c50c9e8de78 -> 
  custom:audio-decoder-ogg-vorbis: bf7c407c2cedff20999df2af8eb42d56 -> 
========================================================================
Received Prepare
Registering precompiled user dll's ...
Registered in 0.002994 seconds.
Begin MonoManager ReloadAssembly
Native extension for WindowsStandalone target not found
Native extension for Android target not found
Refreshing native plugins compatible for Editor in 0.51 ms, found 4 plugins.
Preloading 0 native plugins for Editor in 0.00 ms.
[Package Manager] Server::EnsureServerProcessIsRunning -- launch failed, reason: Unity was launched with the -noUpm command-line argument
[Package Manager] Cannot connect to Unity Package Manager local server
Mono: successfully reloaded assembly
- Completed reload, in  1.152 seconds
Domain Reload Profiling:
	ReloadAssembly (1153ms)
		BeginReloadAssembly (108ms)
			ExecutionOrderSort (0ms)
			DisableScriptedObjects (5ms)
			BackupInstance (0ms)
			ReleaseScriptingObjects (0ms)
			CreateAndSetChildDomain (32ms)
		EndReloadAssembly (989ms)
			LoadAssemblies (73ms)
			RebuildTransferFunctionScriptingTraits (0ms)
			SetupTypeCache (146ms)
			ReleaseScriptCaches (1ms)
			RebuildScriptCaches (33ms)
			SetupLoadedEditorAssemblies (726ms)
				LogAssemblyErrors (0ms)
				InitializePlatformSupportModulesInManaged (14ms)
				SetLoadedEditorAssemblies (0ms)
				RefreshPlugins (1ms)
				BeforeProcessingInitializeOnLoad (40ms)
				ProcessInitializeOnLoadAttributes (646ms)
				ProcessInitializeOnLoadMethodAttributes (23ms)
				AfterProcessingInitializeOnLoad (1ms)
				EditorAssembliesLoaded (0ms)
			ExecutionOrderSort2 (0ms)
			AwakeInstancesAfterBackupRestoration (5ms)
Platform modules already initialized, skipping
Refreshing native plugins compatible for Editor in 0.91 ms, found 4 plugins.
Preloading 0 native plugins for Editor in 0.00 ms.
Unloading 3903 Unused Serialized files (Serialized files now loaded: 0)
Unloading 26 unused Assets / (21.9 KB). Loaded Objects now: 4444.
Memory consumption went from 152.5 MB to 152.5 MB.
Total: 2.752800 ms (FindLiveObjects: 0.226200 ms CreateObjectMapping: 0.123500 ms MarkObjects: 2.384100 ms  DeleteObjects: 0.018400 ms)

AssetImportParameters requested are different than current active one (requested -> active):
  custom:video-decoder-ogg-theora: a1e56fd34408186e4bbccfd4996cb3dc -> 
  custom:container-muxer-webm: aa71ff27fc2769a1b78a27578f13a17b -> 
  custom:container-demuxer-webm: 4f35f7cbe854078d1ac9338744f61a02 -> 
  custom:video-encoder-webm-vp8: eb34c28f22e8b96e1ab97ce403110664 -> 
  custom:CustomObjectIndexerAttribute: bc11b3a6c3213fcdd17b65e7da85e133 -> 
  custom:audio-encoder-webm-vorbis: bf7c407c2cedff20999df2af8eb42d56 -> 
  custom:framework-win-MediaFoundation: 216162199b28c13a410421893ffa2e32 -> 
  custom:SearchIndexIgnoredProperties: e643bd26f0fe6173181afceb89e7c659 -> 
  custom:container-demuxer-ogg: 62fdf1f143b41e24485cea50d1cbac27 -> 
  custom:video-decoder-webm-vp8: 9c59270c3fd7afecdb556c50c9e8de78 -> 
  custom:audio-decoder-ogg-vorbis: bf7c407c2cedff20999df2af8eb42d56 -> 
========================================================================
Received Prepare
Registering precompiled user dll's ...
Registered in 0.002015 seconds.
Begin MonoManager ReloadAssembly
Native extension for WindowsStandalone target not found
Native extension for Android target not found
Refreshing native plugins compatible for Editor in 0.51 ms, found 4 plugins.
Preloading 0 native plugins for Editor in 0.00 ms.
[Package Manager] Server::EnsureServerProcessIsRunning -- launch failed, reason: Unity was launched with the -noUpm command-line argument
[Package Manager] Cannot connect to Unity Package Manager local server
Mono: successfully reloaded assembly
- Completed reload, in  1.149 seconds
Domain Reload Profiling:
	ReloadAssembly (1150ms)
		BeginReloadAssembly (103ms)
			ExecutionOrderSort (0ms)
			DisableScriptedObjects (4ms)
			BackupInstance (0ms)
			ReleaseScriptingObjects (0ms)
			CreateAndSetChildDomain (28ms)
		EndReloadAssembly (992ms)
			LoadAssemblies (71ms)
			RebuildTransferFunctionScriptingTraits (0ms)
			SetupTypeCache (149ms)
			ReleaseScriptCaches (2ms)
			RebuildScriptCaches (32ms)
			SetupLoadedEditorAssemblies (726ms)
				LogAssemblyErrors (0ms)
				InitializePlatformSupportModulesInManaged (14ms)
				SetLoadedEditorAssemblies (0ms)
				RefreshPlugins (1ms)
				BeforeProcessingInitializeOnLoad (44ms)
				ProcessInitializeOnLoadAttributes (645ms)
				ProcessInitializeOnLoadMethodAttributes (22ms)
				AfterProcessingInitializeOnLoad (1ms)
				EditorAssembliesLoaded (0ms)
			ExecutionOrderSort2 (0ms)
			AwakeInstancesAfterBackupRestoration (4ms)
Platform modules already initialized, skipping
Refreshing native plugins compatible for Editor in 0.58 ms, found 4 plugins.
Preloading 0 native plugins for Editor in 0.00 ms.
Unloading 3903 Unused Serialized files (Serialized files now loaded: 0)
Unloading 26 unused Assets / (22.0 KB). Loaded Objects now: 4447.
Memory consumption went from 152.5 MB to 152.5 MB.
Total: 2.658600 ms (FindLiveObjects: 0.307100 ms CreateObjectMapping: 0.100400 ms MarkObjects: 2.234600 ms  DeleteObjects: 0.015600 ms)

AssetImportParameters requested are different than current active one (requested -> active):
  custom:video-decoder-ogg-theora: a1e56fd34408186e4bbccfd4996cb3dc -> 
  custom:container-muxer-webm: aa71ff27fc2769a1b78a27578f13a17b -> 
  custom:container-demuxer-webm: 4f35f7cbe854078d1ac9338744f61a02 -> 
  custom:video-encoder-webm-vp8: eb34c28f22e8b96e1ab97ce403110664 -> 
  custom:CustomObjectIndexerAttribute: bc11b3a6c3213fcdd17b65e7da85e133 -> 
  custom:audio-encoder-webm-vorbis: bf7c407c2cedff20999df2af8eb42d56 -> 
  custom:framework-win-MediaFoundation: 216162199b28c13a410421893ffa2e32 -> 
  custom:SearchIndexIgnoredProperties: e643bd26f0fe6173181afceb89e7c659 -> 
  custom:container-demuxer-ogg: 62fdf1f143b41e24485cea50d1cbac27 -> 
  custom:video-decoder-webm-vp8: 9c59270c3fd7afecdb556c50c9e8de78 -> 
  custom:audio-decoder-ogg-vorbis: bf7c407c2cedff20999df2af8eb42d56 -> 
========================================================================
Received Import Request.
  Time since last request: 1213.738477 seconds.
  path: Assets/UI
  artifactKey: Guid(0847cb87d77455c4fac7fcac5068498f) Importer(815301076,1909f56bfc062723c751e8b465ee728b)
Number of updated assets reloaded before import = 0
Start importing Assets/UI using Guid(0847cb87d77455c4fac7fcac5068498f) Importer(815301076,1909f56bfc062723c751e8b465ee728b)  -> (artifact id: '441f1d888f4caef74044257ad00cd7b2') in 0.026032 seconds 
Number of asset objects unloaded after import = 0
========================================================================
Received Import Request.
  Time since last request: 29.344279 seconds.
  path: Assets/UI/Backgrounds
  artifactKey: Guid(d65cd5ba93dd4eb449d75eb7e611db64) Importer(815301076,1909f56bfc062723c751e8b465ee728b)
Number of updated assets reloaded before import = 0
Start importing Assets/UI/Backgrounds using Guid(d65cd5ba93dd4eb449d75eb7e611db64) Importer(815301076,1909f56bfc062723c751e8b465ee728b)  -> (artifact id: 'de15e79e7347a9ac338b74b6931a0095') in 0.012721 seconds 
Number of asset objects unloaded after import = 0
========================================================================
Received Import Request.
  Time since last request: 19.612367 seconds.
  path: Assets/UI/Backgrounds/BeiJing_1.png
  artifactKey: Guid(ceea75c366a8e5043abeec6510624625) Importer(815301076,1909f56bfc062723c751e8b465ee728b)
Number of updated assets reloaded before import = 0
Start importing Assets/UI/Backgrounds/BeiJing_1.png using Guid(ceea75c366a8e5043abeec6510624625) Importer(815301076,1909f56bfc062723c751e8b465ee728b)  -> (artifact id: '77efb3dd9736abd3b418a6e68194ddb1') in 0.094084 seconds 
Number of asset objects unloaded after import = 3
========================================================================
Received Import Request.
  Time since last request: 1.254080 seconds.
  path: Assets/UI/Backgrounds/UI_1.png
  artifactKey: Guid(5eb136563473c054ea7648820a224e99) Importer(815301076,1909f56bfc062723c751e8b465ee728b)
Number of updated assets reloaded before import = 0
Start importing Assets/UI/Backgrounds/UI_1.png using Guid(5eb136563473c054ea7648820a224e99) Importer(815301076,1909f56bfc062723c751e8b465ee728b)  -> (artifact id: '1e3ecbd5d441259da6c534e6218e7551') in 0.068883 seconds 
Number of asset objects unloaded after import = 3
========================================================================
Received Import Request.
  Time since last request: 440.281170 seconds.
  path: Assets/Honeti/PixelArtGUI/Textures/Panels/CornersSilver.png
  artifactKey: Guid(4f607a5c4dfcf314d89be25c28ecd7a8) Importer(815301076,1909f56bfc062723c751e8b465ee728b)
Number of updated assets reloaded before import = 0
Start importing Assets/Honeti/PixelArtGUI/Textures/Panels/CornersSilver.png using Guid(4f607a5c4dfcf314d89be25c28ecd7a8) Importer(815301076,1909f56bfc062723c751e8b465ee728b)  -> (artifact id: 'eb6a0ef0b7c83adae91223539281814d') in 0.076311 seconds 
Number of asset objects unloaded after import = 3
========================================================================
Received Import Request.
  Time since last request: 0.000026 seconds.
  path: Assets/Honeti/PixelArtGUI/Textures/Panels/Separator2.png
  artifactKey: Guid(db2badbc207135f4b90a176057a519f1) Importer(815301076,1909f56bfc062723c751e8b465ee728b)
Number of updated assets reloaded before import = 0
Start importing Assets/Honeti/PixelArtGUI/Textures/Panels/Separator2.png using Guid(db2badbc207135f4b90a176057a519f1) Importer(815301076,1909f56bfc062723c751e8b465ee728b)  -> (artifact id: 'c6429fcc2a762e91b44161170c923d14') in 0.062861 seconds 
Number of asset objects unloaded after import = 3
========================================================================
Received Import Request.
  Time since last request: 0.000024 seconds.
  path: Assets/Honeti/PixelArtGUI/Textures/Icons/8/MinusGreen.png
  artifactKey: Guid(dcef1c368d66f2f4dbaddc2e03f5d4d9) Importer(815301076,1909f56bfc062723c751e8b465ee728b)
Number of updated assets reloaded before import = 0
Start importing Assets/Honeti/PixelArtGUI/Textures/Icons/8/MinusGreen.png using Guid(dcef1c368d66f2f4dbaddc2e03f5d4d9) Importer(815301076,1909f56bfc062723c751e8b465ee728b)  -> (artifact id: 'feb5f2dd7f310e358045aa46f07cfad1') in 0.050184 seconds 
Number of asset objects unloaded after import = 3
========================================================================
Received Import Request.
  Time since last request: 0.000028 seconds.
  path: Assets/Honeti/PixelArtGUI/Textures/Panels/TagUpBBevel.png
  artifactKey: Guid(d6709ec36e5ec6e44bfffbf256e31768) Importer(815301076,1909f56bfc062723c751e8b465ee728b)
Number of updated assets reloaded before import = 0
Start importing Assets/Honeti/PixelArtGUI/Textures/Panels/TagUpBBevel.png using Guid(d6709ec36e5ec6e44bfffbf256e31768) Importer(815301076,1909f56bfc062723c751e8b465ee728b)  -> (artifact id: '35aa7bb3dae9f283485d6623a6f803b3') in 0.061123 seconds 
Number of asset objects unloaded after import = 3
========================================================================
Received Import Request.
  Time since last request: 0.000075 seconds.
  path: Assets/Honeti/PixelArtGUI/Textures/Panels/GradientLeft.png
  artifactKey: Guid(b45a8a0cd05f2b94eba7d35ef407e933) Importer(815301076,1909f56bfc062723c751e8b465ee728b)
Number of updated assets reloaded before import = 0
Start importing Assets/Honeti/PixelArtGUI/Textures/Panels/GradientLeft.png using Guid(b45a8a0cd05f2b94eba7d35ef407e933) Importer(815301076,1909f56bfc062723c751e8b465ee728b)  -> (artifact id: '86740fdff4c5adca4705cee9ce470871') in 0.049493 seconds 
Number of asset objects unloaded after import = 3
========================================================================
Received Import Request.
  Time since last request: 0.000015 seconds.
  path: Assets/Honeti/PixelArtGUI/Textures/Panels/Separator.png
  artifactKey: Guid(6905ee83a67947e4cb1e8e775a2e9794) Importer(815301076,1909f56bfc062723c751e8b465ee728b)
Number of updated assets reloaded before import = 0
Start importing Assets/Honeti/PixelArtGUI/Textures/Panels/Separator.png using Guid(6905ee83a67947e4cb1e8e775a2e9794) Importer(815301076,1909f56bfc062723c751e8b465ee728b)  -> (artifact id: '3505820f7630ff4efb2b5130fa69dd3a') in 0.095197 seconds 
Number of asset objects unloaded after import = 3
========================================================================
Received Import Request.
  Time since last request: 0.000041 seconds.
  path: Assets/Honeti/PixelArtGUI/Textures/Icons/8/Tiles.png
  artifactKey: Guid(d05f82077a67e6345872f74f5927f8fc) Importer(815301076,1909f56bfc062723c751e8b465ee728b)
Number of updated assets reloaded before import = 0
Start importing Assets/Honeti/PixelArtGUI/Textures/Icons/8/Tiles.png using Guid(d05f82077a67e6345872f74f5927f8fc) Importer(815301076,1909f56bfc062723c751e8b465ee728b)  -> (artifact id: '7e786c9b7d9598f8fa4706079f677d94') in 0.046591 seconds 
Number of asset objects unloaded after import = 3
========================================================================
Received Import Request.
  Time since last request: 0.000035 seconds.
  path: Assets/Honeti/PixelArtGUI/Textures/Panels/Ellipse64Outline.png
  artifactKey: Guid(fc1e3af3decf8e44588f82578e0cc864) Importer(815301076,1909f56bfc062723c751e8b465ee728b)
Number of updated assets reloaded before import = 0
Start importing Assets/Honeti/PixelArtGUI/Textures/Panels/Ellipse64Outline.png using Guid(fc1e3af3decf8e44588f82578e0cc864) Importer(815301076,1909f56bfc062723c751e8b465ee728b)  -> (artifact id: '0b4c49f2020bbad61cabbc92bebb8c60') in 0.038383 seconds 
Number of asset objects unloaded after import = 3
========================================================================
Received Import Request.
  Time since last request: 0.000038 seconds.
  path: Assets/Honeti/PixelArtGUI/Textures/Icons/8/TilesBrown.png
  artifactKey: Guid(3bf9468ac7924794b885da4979e0344c) Importer(815301076,1909f56bfc062723c751e8b465ee728b)
Number of updated assets reloaded before import = 0
Start importing Assets/Honeti/PixelArtGUI/Textures/Icons/8/TilesBrown.png using Guid(3bf9468ac7924794b885da4979e0344c) Importer(815301076,1909f56bfc062723c751e8b465ee728b)  -> (artifact id: '14cc775f94197d1f513225bb0d00678d') in 0.045476 seconds 
Number of asset objects unloaded after import = 3
========================================================================
Received Import Request.
  Time since last request: 0.000051 seconds.
  path: Assets/Honeti/PixelArtGUI/Textures/Icons/8/SoundHigh.png
  artifactKey: Guid(161ac21453987eb4ab3255f249b6517e) Importer(815301076,1909f56bfc062723c751e8b465ee728b)
Number of updated assets reloaded before import = 0
Start importing Assets/Honeti/PixelArtGUI/Textures/Icons/8/SoundHigh.png using Guid(161ac21453987eb4ab3255f249b6517e) Importer(815301076,1909f56bfc062723c751e8b465ee728b)  -> (artifact id: 'b375d42724ac8ec38dcfcbc6ed4adb2b') in 0.039969 seconds 
Number of asset objects unloaded after import = 3
========================================================================
Received Import Request.
  Time since last request: 0.000046 seconds.
  path: Assets/Honeti/PixelArtGUI/Textures/Icons/8/Minus.png
  artifactKey: Guid(a5355b2643786fd4dbb9200a70ccbf23) Importer(815301076,1909f56bfc062723c751e8b465ee728b)
Number of updated assets reloaded before import = 0
Start importing Assets/Honeti/PixelArtGUI/Textures/Icons/8/Minus.png using Guid(a5355b2643786fd4dbb9200a70ccbf23) Importer(815301076,1909f56bfc062723c751e8b465ee728b)  -> (artifact id: 'e7c89d45827d31ffe5f679b22e41df17') in 0.048211 seconds 
Number of asset objects unloaded after import = 3
========================================================================
Received Import Request.
  Time since last request: 0.000049 seconds.
  path: Assets/Honeti/PixelArtGUI/Textures/Icons/8/MinusGold.png
  artifactKey: Guid(46d991daf40d46c468c95ed0ca8a8765) Importer(815301076,1909f56bfc062723c751e8b465ee728b)
Number of updated assets reloaded before import = 0
Start importing Assets/Honeti/PixelArtGUI/Textures/Icons/8/MinusGold.png using Guid(46d991daf40d46c468c95ed0ca8a8765) Importer(815301076,1909f56bfc062723c751e8b465ee728b)  -> (artifact id: '429ade72c9c3e711bceaa82ff1e064f6') in 0.060899 seconds 
Number of asset objects unloaded after import = 3
========================================================================
Received Import Request.
  Time since last request: 0.000051 seconds.
  path: Assets/Honeti/PixelArtGUI/Textures/Icons/8/MinusBrown.png
  artifactKey: Guid(3e45e40da1453624bbad56e0bb8e7c81) Importer(815301076,1909f56bfc062723c751e8b465ee728b)
Number of updated assets reloaded before import = 0
Start importing Assets/Honeti/PixelArtGUI/Textures/Icons/8/MinusBrown.png using Guid(3e45e40da1453624bbad56e0bb8e7c81) Importer(815301076,1909f56bfc062723c751e8b465ee728b)  -> (artifact id: 'e946bb29198da7232ed72ff6667c0030') in 0.056552 seconds 
Number of asset objects unloaded after import = 3
========================================================================
Received Import Request.
  Time since last request: 0.000034 seconds.
  path: Assets/Honeti/PixelArtGUI/Textures/Panels/GradientBottom.png
  artifactKey: Guid(d7f7a4856b43eaa4a9256734f468317a) Importer(815301076,1909f56bfc062723c751e8b465ee728b)
Number of updated assets reloaded before import = 0
Start importing Assets/Honeti/PixelArtGUI/Textures/Panels/GradientBottom.png using Guid(d7f7a4856b43eaa4a9256734f468317a) Importer(815301076,1909f56bfc062723c751e8b465ee728b)  -> (artifact id: '230105136be6db3af174b19ac8add1ca') in 0.049318 seconds 
Number of asset objects unloaded after import = 3
========================================================================
Received Import Request.
  Time since last request: 0.000050 seconds.
  path: Assets/Honeti/PixelArtGUI/Textures/Panels/TagUp.png
  artifactKey: Guid(272b5fe0984c9a54fbc67759d064f1b3) Importer(815301076,1909f56bfc062723c751e8b465ee728b)
Number of updated assets reloaded before import = 0
Start importing Assets/Honeti/PixelArtGUI/Textures/Panels/TagUp.png using Guid(272b5fe0984c9a54fbc67759d064f1b3) Importer(815301076,1909f56bfc062723c751e8b465ee728b)  -> (artifact id: 'd293c4fdace9a07b13619e8a39802708') in 0.044969 seconds 
Number of asset objects unloaded after import = 3
========================================================================
Received Import Request.
  Time since last request: 0.000037 seconds.
  path: Assets/Honeti/PixelArtGUI/Textures/Icons/8/ShieldBrown.png
  artifactKey: Guid(ca97f500543672845b655b5a13583ec2) Importer(815301076,1909f56bfc062723c751e8b465ee728b)
Number of updated assets reloaded before import = 0
Start importing Assets/Honeti/PixelArtGUI/Textures/Icons/8/ShieldBrown.png using Guid(ca97f500543672845b655b5a13583ec2) Importer(815301076,1909f56bfc062723c751e8b465ee728b)  -> (artifact id: 'b77bff5eb3c66443210671569e517bcc') in 0.065851 seconds 
Number of asset objects unloaded after import = 3
========================================================================
Received Import Request.
  Time since last request: 0.000029 seconds.
  path: Assets/Honeti/PixelArtGUI/Textures/Panels/GradientTop.png
  artifactKey: Guid(47eabc89d276a294da832ec32191b3ed) Importer(815301076,1909f56bfc062723c751e8b465ee728b)
Number of updated assets reloaded before import = 0
Start importing Assets/Honeti/PixelArtGUI/Textures/Panels/GradientTop.png using Guid(47eabc89d276a294da832ec32191b3ed) Importer(815301076,1909f56bfc062723c751e8b465ee728b)  -> (artifact id: 'ffbf71d1ba11b483171135788bb788e0') in 0.038886 seconds 
Number of asset objects unloaded after import = 3
========================================================================
Received Import Request.
  Time since last request: 0.000044 seconds.
  path: Assets/Honeti/PixelArtGUI/Textures/Icons/8/ShareGreenDark.png
  artifactKey: Guid(f6be7c5318b960b4cb14462318d8cd6d) Importer(815301076,1909f56bfc062723c751e8b465ee728b)
Number of updated assets reloaded before import = 0
Start importing Assets/Honeti/PixelArtGUI/Textures/Icons/8/ShareGreenDark.png using Guid(f6be7c5318b960b4cb14462318d8cd6d) Importer(815301076,1909f56bfc062723c751e8b465ee728b)  -> (artifact id: '16c0dab737269f3ea2d019e09bf1862d') in 0.028458 seconds 
Number of asset objects unloaded after import = 3
========================================================================
Received Import Request.
  Time since last request: 0.000020 seconds.
  path: Assets/Honeti/PixelArtGUI/Textures/Icons/8/Smudge.png
  artifactKey: Guid(c3f58511d3971ee4694dde37cb5227ad) Importer(815301076,1909f56bfc062723c751e8b465ee728b)
Number of updated assets reloaded before import = 0
Start importing Assets/Honeti/PixelArtGUI/Textures/Icons/8/Smudge.png using Guid(c3f58511d3971ee4694dde37cb5227ad) Importer(815301076,1909f56bfc062723c751e8b465ee728b)  -> (artifact id: '6e493d69a55282a4580e4dc51d270e6d') in 0.035252 seconds 
Number of asset objects unloaded after import = 3
========================================================================
Received Import Request.
  Time since last request: 0.000029 seconds.
  path: Assets/Honeti/PixelArtGUI/Textures/Panels/TagBBevel.png
  artifactKey: Guid(845128fdcef0f2049a8b423f31847243) Importer(815301076,1909f56bfc062723c751e8b465ee728b)
Number of updated assets reloaded before import = 0
Start importing Assets/Honeti/PixelArtGUI/Textures/Panels/TagBBevel.png using Guid(845128fdcef0f2049a8b423f31847243) Importer(815301076,1909f56bfc062723c751e8b465ee728b)  -> (artifact id: '07741d2bfb3dcef976c9db71c0e6e5e7') in 0.039150 seconds 
Number of asset objects unloaded after import = 3
========================================================================
Received Import Request.
  Time since last request: 0.000054 seconds.
  path: Assets/Honeti/PixelArtGUI/Textures/Icons/8/StatisticsGold.png
  artifactKey: Guid(b6f5b602fc7d9d44bb88d5072c0b0cfa) Importer(815301076,1909f56bfc062723c751e8b465ee728b)
Number of updated assets reloaded before import = 0
Start importing Assets/Honeti/PixelArtGUI/Textures/Icons/8/StatisticsGold.png using Guid(b6f5b602fc7d9d44bb88d5072c0b0cfa) Importer(815301076,1909f56bfc062723c751e8b465ee728b)  -> (artifact id: 'e3adc65d1da99b877cce17c7485147f7') in 0.135972 seconds 
Number of asset objects unloaded after import = 3
========================================================================
Received Import Request.
  Time since last request: 0.000017 seconds.
  path: Assets/Honeti/PixelArtGUI/Textures/Icons/8/SoundLowBrown.png
  artifactKey: Guid(15b2930c715fe3b4395681436621351d) Importer(815301076,1909f56bfc062723c751e8b465ee728b)
Number of updated assets reloaded before import = 0
Start importing Assets/Honeti/PixelArtGUI/Textures/Icons/8/SoundLowBrown.png using Guid(15b2930c715fe3b4395681436621351d) Importer(815301076,1909f56bfc062723c751e8b465ee728b)  -> (artifact id: '58ad2f149c2c933d48e9c3e7116e50fd') in 0.152906 seconds 
Number of asset objects unloaded after import = 3
========================================================================
Received Import Request.
  Time since last request: 0.000053 seconds.
  path: Assets/Honeti/PixelArtGUI/Textures/Icons/8/SoundLowGold.png
  artifactKey: Guid(b37cd6644307a1743a5bc6dbe7e536cd) Importer(815301076,1909f56bfc062723c751e8b465ee728b)
Number of updated assets reloaded before import = 0
Start importing Assets/Honeti/PixelArtGUI/Textures/Icons/8/SoundLowGold.png using Guid(b37cd6644307a1743a5bc6dbe7e536cd) Importer(815301076,1909f56bfc062723c751e8b465ee728b)  -> (artifact id: '8ab31c56e3ff9ebca80ec02b4a96428b') in 0.120091 seconds 
Number of asset objects unloaded after import = 3
========================================================================
Received Import Request.
  Time since last request: 0.000063 seconds.
  path: Assets/Honeti/PixelArtGUI/Textures/Panels/TagLeft.png
  artifactKey: Guid(a7c2ce8b77ee1134d9ace0d14a82c5de) Importer(815301076,1909f56bfc062723c751e8b465ee728b)
Number of updated assets reloaded before import = 0
Start importing Assets/Honeti/PixelArtGUI/Textures/Panels/TagLeft.png using Guid(a7c2ce8b77ee1134d9ace0d14a82c5de) Importer(815301076,1909f56bfc062723c751e8b465ee728b)  -> (artifact id: 'd37a165c9130a1d8a33d8637cfcc0492') in 0.028124 seconds 
Number of asset objects unloaded after import = 3
========================================================================
Received Import Request.
  Time since last request: 0.000026 seconds.
  path: Assets/Honeti/PixelArtGUI/Textures/Panels/SkillSlotBBevel.png
  artifactKey: Guid(c3cbe9855d647024989c80654829269a) Importer(815301076,1909f56bfc062723c751e8b465ee728b)
Number of updated assets reloaded before import = 0
Start importing Assets/Honeti/PixelArtGUI/Textures/Panels/SkillSlotBBevel.png using Guid(c3cbe9855d647024989c80654829269a) Importer(815301076,1909f56bfc062723c751e8b465ee728b)  -> (artifact id: 'a6a710fa644717e65801faca616363cd') in 0.027483 seconds 
Number of asset objects unloaded after import = 3
========================================================================
Received Import Request.
  Time since last request: 0.000019 seconds.
  path: Assets/Honeti/PixelArtGUI/Textures/Panels/SkillSlot.png
  artifactKey: Guid(20e404a50c2772a428d82ae10f5951b8) Importer(815301076,1909f56bfc062723c751e8b465ee728b)
Number of updated assets reloaded before import = 0
Start importing Assets/Honeti/PixelArtGUI/Textures/Panels/SkillSlot.png using Guid(20e404a50c2772a428d82ae10f5951b8) Importer(815301076,1909f56bfc062723c751e8b465ee728b)  -> (artifact id: '7117f968f5a03d7c61dc80efc7b1dc43') in 0.036225 seconds 
Number of asset objects unloaded after import = 3
========================================================================
Received Import Request.
  Time since last request: 0.000028 seconds.
  path: Assets/Honeti/PixelArtGUI/Textures/Icons/8/StatisticsGreen.png
  artifactKey: Guid(2aaec1a9c860bd247be89f85ba9d8266) Importer(815301076,1909f56bfc062723c751e8b465ee728b)
Number of updated assets reloaded before import = 0
Start importing Assets/Honeti/PixelArtGUI/Textures/Icons/8/StatisticsGreen.png using Guid(2aaec1a9c860bd247be89f85ba9d8266) Importer(815301076,1909f56bfc062723c751e8b465ee728b)  -> (artifact id: '38dc32c04ba796a0ab0e32332441f2a3') in 0.026278 seconds 
Number of asset objects unloaded after import = 3
========================================================================
Received Import Request.
  Time since last request: 0.000020 seconds.
  path: Assets/Honeti/PixelArtGUI/Textures/Panels/SkillCategoryFrame.png
  artifactKey: Guid(f1ad16e66091e1344a57f36d05134015) Importer(815301076,1909f56bfc062723c751e8b465ee728b)
Number of updated assets reloaded before import = 0
Start importing Assets/Honeti/PixelArtGUI/Textures/Panels/SkillCategoryFrame.png using Guid(f1ad16e66091e1344a57f36d05134015) Importer(815301076,1909f56bfc062723c751e8b465ee728b)  -> (artifact id: 'a1670fbc441c1c6f48970d0f978bf16f') in 0.080994 seconds 
Number of asset objects unloaded after import = 3
Editor requested this worker to shutdown with reason: Scaling down because of idle timeout
AssetImportWorker is now disconnected from the server
Process exiting
Exiting without the bug reporter. Application will terminate with return code 0