Using pre-set license
Built from '2021.3/staging' branch; Version is '2021.3.40f1 (6fcab7dbbbc1) revision 7326391'; Using compiler version '192829333'; Build Type 'Release'
OS: 'Windows 11  (10.0.22621) 64bit ProfessionalWorkstation' Language: 'zh' Physical Memory: 32509 MB
BatchMode: 1, IsHumanControllingUs: 0, StartBugReporterOnCrash: 0, Is64bit: 1, IsPro: 1

COMMAND LINE ARGUMENTS:
E:\RanJian\Unity 2021.3.40f1\Editor\Unity.exe
-adb2
-batchMode
-noUpm
-name
AssetImportWorker3
-projectPath
E:/Work/Cursor/DoomsdaySSW4/DoomsdaySSW4
-logFile
Logs/AssetImportWorker3.log
-srvPort
9427
Successfully changed project path to: E:/Work/Cursor/DoomsdaySSW4/DoomsdaySSW4
E:/Work/Cursor/DoomsdaySSW4/DoomsdaySSW4
[UnityMemory] Configuration Parameters - Can be set up in boot.config
    "memorysetup-bucket-allocator-granularity=16"
    "memorysetup-bucket-allocator-bucket-count=8"
    "memorysetup-bucket-allocator-block-size=33554432"
    "memorysetup-bucket-allocator-block-count=8"
    "memorysetup-main-allocator-block-size=16777216"
    "memorysetup-thread-allocator-block-size=16777216"
    "memorysetup-gfx-main-allocator-block-size=16777216"
    "memorysetup-gfx-thread-allocator-block-size=16777216"
    "memorysetup-cache-allocator-block-size=4194304"
    "memorysetup-typetree-allocator-block-size=2097152"
    "memorysetup-profiler-bucket-allocator-granularity=16"
    "memorysetup-profiler-bucket-allocator-bucket-count=8"
    "memorysetup-profiler-bucket-allocator-block-size=33554432"
    "memorysetup-profiler-bucket-allocator-block-count=8"
    "memorysetup-profiler-allocator-block-size=16777216"
    "memorysetup-profiler-editor-allocator-block-size=1048576"
    "memorysetup-temp-allocator-size-main=16777216"
    "memorysetup-job-temp-allocator-block-size=2097152"
    "memorysetup-job-temp-allocator-block-size-background=1048576"
    "memorysetup-job-temp-allocator-reduction-small-platforms=262144"
    "memorysetup-temp-allocator-size-background-worker=32768"
    "memorysetup-temp-allocator-size-job-worker=262144"
    "memorysetup-temp-allocator-size-preload-manager=33554432"
    "memorysetup-temp-allocator-size-nav-mesh-worker=65536"
    "memorysetup-temp-allocator-size-audio-worker=65536"
    "memorysetup-temp-allocator-size-cloud-worker=32768"
    "memorysetup-temp-allocator-size-gi-baking-worker=262144"
    "memorysetup-temp-allocator-size-gfx=262144"
Player connection [32732] Host "[IP] 192.168.21.253 [Port] 0 [Flags] 2 [Guid] 1239583812 [EditorId] 1239583812 [Version] 1048832 [Id] WindowsEditor(7,DESKTOP-1UK9JVT) [Debug] 1 [PackageName] WindowsEditor [ProjectName] Editor" joined multi-casting on [225.0.0.222:54997]...

Player connection [32732] Host "[IP] 192.168.21.253 [Port] 0 [Flags] 2 [Guid] 1239583812 [EditorId] 1239583812 [Version] 1048832 [Id] WindowsEditor(7,DESKTOP-1UK9JVT) [Debug] 1 [PackageName] WindowsEditor [ProjectName] Editor" joined alternative multi-casting on [225.0.0.222:34997]...

[Physics::Module] Initialized MultithreadedJobDispatcher with {0} workers.
Refreshing native plugins compatible for Editor in 72.04 ms, found 4 plugins.
Preloading 0 native plugins for Editor in 0.00 ms.
Initialize engine version: 2021.3.40f1 (6fcab7dbbbc1)
[Subsystems] Discovering subsystems at path E:/RanJian/Unity 2021.3.40f1/Editor/Data/Resources/UnitySubsystems
[Subsystems] Discovering subsystems at path E:/Work/Cursor/DoomsdaySSW4/DoomsdaySSW4/Assets
GfxDevice: creating device client; threaded=0; jobified=0
Direct3D:
    Version:  Direct3D 11.0 [level 11.1]
    Renderer: NVIDIA GeForce RTX 3060 (ID=0x2504)
    Vendor:   NVIDIA
    VRAM:     12115 MB
    Driver:   32.0.15.8142
Initialize mono
Mono path[0] = 'E:/RanJian/Unity 2021.3.40f1/Editor/Data/Managed'
Mono path[1] = 'E:/RanJian/Unity 2021.3.40f1/Editor/Data/MonoBleedingEdge/lib/mono/unityjit-win32'
Mono config path = 'E:/RanJian/Unity 2021.3.40f1/Editor/Data/MonoBleedingEdge/etc'
Using monoOptions --debugger-agent=transport=dt_socket,embedding=1,server=y,suspend=n,address=127.0.0.1:56208
Begin MonoManager ReloadAssembly
Registering precompiled unity dll's ...
Register platform support module: E:/RanJian/Unity 2021.3.40f1/Editor/Data/PlaybackEngines/AndroidPlayer/UnityEditor.Android.Extensions.dll
Register platform support module: E:/RanJian/Unity 2021.3.40f1/Editor/Data/PlaybackEngines/WindowsStandaloneSupport/UnityEditor.WindowsStandalone.Extensions.dll
Registered in 0.001439 seconds.
Native extension for WindowsStandalone target not found
Native extension for Android target not found
Refreshing native plugins compatible for Editor in 59.35 ms, found 4 plugins.
Preloading 0 native plugins for Editor in 0.00 ms.
Mono: successfully reloaded assembly
- Completed reload, in  0.691 seconds
Domain Reload Profiling:
	ReloadAssembly (692ms)
		BeginReloadAssembly (111ms)
			ExecutionOrderSort (0ms)
			DisableScriptedObjects (0ms)
			BackupInstance (0ms)
			ReleaseScriptingObjects (0ms)
			CreateAndSetChildDomain (1ms)
		EndReloadAssembly (497ms)
			LoadAssemblies (111ms)
			RebuildTransferFunctionScriptingTraits (0ms)
			SetupTypeCache (116ms)
			ReleaseScriptCaches (0ms)
			RebuildScriptCaches (32ms)
			SetupLoadedEditorAssemblies (306ms)
				LogAssemblyErrors (0ms)
				InitializePlatformSupportModulesInManaged (82ms)
				SetLoadedEditorAssemblies (0ms)
				RefreshPlugins (102ms)
				BeforeProcessingInitializeOnLoad (2ms)
				ProcessInitializeOnLoadAttributes (80ms)
				ProcessInitializeOnLoadMethodAttributes (41ms)
				AfterProcessingInitializeOnLoad (0ms)
				EditorAssembliesLoaded (0ms)
			ExecutionOrderSort2 (0ms)
			AwakeInstancesAfterBackupRestoration (0ms)
Platform modules already initialized, skipping
Registering precompiled user dll's ...
Registered in 0.002506 seconds.
Begin MonoManager ReloadAssembly
Native extension for WindowsStandalone target not found
Native extension for Android target not found
Refreshing native plugins compatible for Editor in 56.84 ms, found 4 plugins.
Preloading 0 native plugins for Editor in 0.00 ms.
Package Manager log level set to [2]
[Package Manager] Server::EnsureServerProcessIsRunning -- launch failed, reason: Unity was launched with the -noUpm command-line argument
[Package Manager] Cannot connect to Unity Package Manager local server
Mono: successfully reloaded assembly
- Completed reload, in  1.290 seconds
Domain Reload Profiling:
	ReloadAssembly (1291ms)
		BeginReloadAssembly (94ms)
			ExecutionOrderSort (0ms)
			DisableScriptedObjects (4ms)
			BackupInstance (0ms)
			ReleaseScriptingObjects (0ms)
			CreateAndSetChildDomain (19ms)
		EndReloadAssembly (1135ms)
			LoadAssemblies (81ms)
			RebuildTransferFunctionScriptingTraits (0ms)
			SetupTypeCache (168ms)
			ReleaseScriptCaches (0ms)
			RebuildScriptCaches (51ms)
			SetupLoadedEditorAssemblies (819ms)
				LogAssemblyErrors (0ms)
				InitializePlatformSupportModulesInManaged (13ms)
				SetLoadedEditorAssemblies (0ms)
				RefreshPlugins (57ms)
				BeforeProcessingInitializeOnLoad (56ms)
				ProcessInitializeOnLoadAttributes (664ms)
				ProcessInitializeOnLoadMethodAttributes (27ms)
				AfterProcessingInitializeOnLoad (1ms)
				EditorAssembliesLoaded (0ms)
			ExecutionOrderSort2 (0ms)
			AwakeInstancesAfterBackupRestoration (3ms)
Platform modules already initialized, skipping
========================================================================
Worker process is ready to serve import requests
Launched and connected shader compiler UnityShaderCompiler.exe after 0.04 seconds
Refreshing native plugins compatible for Editor in 0.64 ms, found 4 plugins.
Preloading 0 native plugins for Editor in 0.00 ms.
Unloading 3928 Unused Serialized files (Serialized files now loaded: 0)
Unloading 37 unused Assets / (46.7 KB). Loaded Objects now: 4388.
Memory consumption went from 154.2 MB to 154.1 MB.
Total: 2.639800 ms (FindLiveObjects: 0.186000 ms CreateObjectMapping: 0.079100 ms MarkObjects: 2.291200 ms  DeleteObjects: 0.082900 ms)

AssetImportParameters requested are different than current active one (requested -> active):
  custom:video-decoder-ogg-theora: a1e56fd34408186e4bbccfd4996cb3dc -> 
  custom:container-muxer-webm: aa71ff27fc2769a1b78a27578f13a17b -> 
  custom:container-demuxer-webm: 4f35f7cbe854078d1ac9338744f61a02 -> 
  custom:video-encoder-webm-vp8: eb34c28f22e8b96e1ab97ce403110664 -> 
  custom:CustomObjectIndexerAttribute: bc11b3a6c3213fcdd17b65e7da85e133 -> 
  custom:audio-encoder-webm-vorbis: bf7c407c2cedff20999df2af8eb42d56 -> 
  custom:framework-win-MediaFoundation: 216162199b28c13a410421893ffa2e32 -> 
  custom:SearchIndexIgnoredProperties: e643bd26f0fe6173181afceb89e7c659 -> 
  custom:container-demuxer-ogg: 62fdf1f143b41e24485cea50d1cbac27 -> 
  custom:video-decoder-webm-vp8: 9c59270c3fd7afecdb556c50c9e8de78 -> 
  custom:audio-decoder-ogg-vorbis: bf7c407c2cedff20999df2af8eb42d56 -> 
========================================================================
Received Import Request.
  Time since last request: 993303.709256 seconds.
  path: Assets/Honeti/PixelArtGUI/Textures/Panels/TitleBarGold2.png
  artifactKey: Guid(65cf477d172b81243a22c3e4aca8361b) Importer(815301076,1909f56bfc062723c751e8b465ee728b)
Number of updated assets reloaded before import = 0
Start importing Assets/Honeti/PixelArtGUI/Textures/Panels/TitleBarGold2.png using Guid(65cf477d172b81243a22c3e4aca8361b) Importer(815301076,1909f56bfc062723c751e8b465ee728b)  -> (artifact id: '773bb6a1829a54eda6eba152c8e88d33') in 0.116159 seconds 
Number of asset objects unloaded after import = 3
========================================================================
Received Import Request.
  Time since last request: 0.000027 seconds.
  path: Assets/Honeti/PixelArtGUI/Textures/Panels/TitleBarSilver.png
  artifactKey: Guid(73c006212353af446a1d3043fcc39301) Importer(815301076,1909f56bfc062723c751e8b465ee728b)
Number of updated assets reloaded before import = 0
Start importing Assets/Honeti/PixelArtGUI/Textures/Panels/TitleBarSilver.png using Guid(73c006212353af446a1d3043fcc39301) Importer(815301076,1909f56bfc062723c751e8b465ee728b)  -> (artifact id: 'e4313f50f365fff6a200a3391b32ccbd') in 0.044597 seconds 
Number of asset objects unloaded after import = 3
========================================================================
Received Import Request.
  Time since last request: 0.000033 seconds.
  path: Assets/Honeti/PixelArtGUI/Textures/Panels/UniversalPanel1BBevel.png
  artifactKey: Guid(adfed6a0905a8874e9e0250e35efecd7) Importer(815301076,1909f56bfc062723c751e8b465ee728b)
Number of updated assets reloaded before import = 0
Start importing Assets/Honeti/PixelArtGUI/Textures/Panels/UniversalPanel1BBevel.png using Guid(adfed6a0905a8874e9e0250e35efecd7) Importer(815301076,1909f56bfc062723c751e8b465ee728b)  -> (artifact id: 'c482a2f0381326986b2dd49200b15138') in 0.045920 seconds 
Number of asset objects unloaded after import = 3
========================================================================
Received Import Request.
  Time since last request: 0.000021 seconds.
  path: Assets/Honeti/PixelArtGUI/Textures/Panels/UniversalPanel1Outline.png
  artifactKey: Guid(9411c12f93fbda143a9a1d7c02c9e378) Importer(815301076,1909f56bfc062723c751e8b465ee728b)
Number of updated assets reloaded before import = 0
Start importing Assets/Honeti/PixelArtGUI/Textures/Panels/UniversalPanel1Outline.png using Guid(9411c12f93fbda143a9a1d7c02c9e378) Importer(815301076,1909f56bfc062723c751e8b465ee728b)  -> (artifact id: 'f50e5cdc998580db91b34233feec3a61') in 0.051928 seconds 
Number of asset objects unloaded after import = 3
========================================================================
Received Import Request.
  Time since last request: 0.326443 seconds.
  path: Assets/Honeti/PixelArtGUI/Textures/Panels/UniversalPanel2.png
  artifactKey: Guid(45ca251aac5ad0842894d381106f0798) Importer(815301076,1909f56bfc062723c751e8b465ee728b)
Number of updated assets reloaded before import = 0
Start importing Assets/Honeti/PixelArtGUI/Textures/Panels/UniversalPanel2.png using Guid(45ca251aac5ad0842894d381106f0798) Importer(815301076,1909f56bfc062723c751e8b465ee728b)  -> (artifact id: '6d1e4157cb6e1e1f5ba96fe7ce657a2c') in 0.045032 seconds 
Number of asset objects unloaded after import = 3
========================================================================
Received Import Request.
  Time since last request: 0.000039 seconds.
  path: Assets/Honeti/PixelArtGUI/Textures/Panels/UniversalPanel2BBevel.png
  artifactKey: Guid(ce1a8f5a0ccc09f48ab9c94e60bb3754) Importer(815301076,1909f56bfc062723c751e8b465ee728b)
Number of updated assets reloaded before import = 0
Start importing Assets/Honeti/PixelArtGUI/Textures/Panels/UniversalPanel2BBevel.png using Guid(ce1a8f5a0ccc09f48ab9c94e60bb3754) Importer(815301076,1909f56bfc062723c751e8b465ee728b)  -> (artifact id: 'b6fac28d7e283d5c644d59e3d1d4f90c') in 0.032149 seconds 
Number of asset objects unloaded after import = 3
========================================================================
Received Import Request.
  Time since last request: 0.000061 seconds.
  path: Assets/Honeti/PixelArtGUI/Textures/Icons/8/WrenchBrown.png
  artifactKey: Guid(79b8e0bb0de341549a6c36a3a086768f) Importer(815301076,1909f56bfc062723c751e8b465ee728b)
Number of updated assets reloaded before import = 0
Start importing Assets/Honeti/PixelArtGUI/Textures/Icons/8/WrenchBrown.png using Guid(79b8e0bb0de341549a6c36a3a086768f) Importer(815301076,1909f56bfc062723c751e8b465ee728b)  -> (artifact id: '60c4c79476dd88b91280fbc3f29dfd3f') in 0.052394 seconds 
Number of asset objects unloaded after import = 3
========================================================================
Received Import Request.
  Time since last request: 0.000023 seconds.
  path: Assets/Honeti/PixelArtGUI/Textures/Icons/8/WrenchGreen.png
  artifactKey: Guid(408ecc27b712ced45bf29515c296d02f) Importer(815301076,1909f56bfc062723c751e8b465ee728b)
Number of updated assets reloaded before import = 0
Start importing Assets/Honeti/PixelArtGUI/Textures/Icons/8/WrenchGreen.png using Guid(408ecc27b712ced45bf29515c296d02f) Importer(815301076,1909f56bfc062723c751e8b465ee728b)  -> (artifact id: 'a33f2f2193e3c871a5ff1e9326bfaba2') in 0.042095 seconds 
Number of asset objects unloaded after import = 3
========================================================================
Received Import Request.
  Time since last request: 0.000048 seconds.
  path: Assets/Honeti/PixelArtGUI/Textures/Panels/UniversalPanel2Outline.png
  artifactKey: Guid(9b8fa07959072414cb2358e9557fed72) Importer(815301076,1909f56bfc062723c751e8b465ee728b)
Number of updated assets reloaded before import = 0
Start importing Assets/Honeti/PixelArtGUI/Textures/Panels/UniversalPanel2Outline.png using Guid(9b8fa07959072414cb2358e9557fed72) Importer(815301076,1909f56bfc062723c751e8b465ee728b)  -> (artifact id: '92f18c1f4ed27c9ff57a471c4b6ce03c') in 0.072767 seconds 
Number of asset objects unloaded after import = 3
========================================================================
Received Import Request.
  Time since last request: 0.000026 seconds.
  path: Assets/Honeti/PixelArtGUI/Textures/Panels/UniversalPanel2TBevel.png
  artifactKey: Guid(c723dafecd982f04fa1431b02ad679a7) Importer(815301076,1909f56bfc062723c751e8b465ee728b)
Number of updated assets reloaded before import = 0
Start importing Assets/Honeti/PixelArtGUI/Textures/Panels/UniversalPanel2TBevel.png using Guid(c723dafecd982f04fa1431b02ad679a7) Importer(815301076,1909f56bfc062723c751e8b465ee728b)  -> (artifact id: '8f015e2480156a512afbbca5d90c947d') in 0.133734 seconds 
Number of asset objects unloaded after import = 3
========================================================================
Received Import Request.
  Time since last request: 0.000036 seconds.
  path: Assets/Honeti/PixelArtGUI/Textures/Panels/UniversalPanel3BBevel.png
  artifactKey: Guid(5d2da8262ca5ec742b0c111d6548a1d3) Importer(815301076,1909f56bfc062723c751e8b465ee728b)
Number of updated assets reloaded before import = 0
Start importing Assets/Honeti/PixelArtGUI/Textures/Panels/UniversalPanel3BBevel.png using Guid(5d2da8262ca5ec742b0c111d6548a1d3) Importer(815301076,1909f56bfc062723c751e8b465ee728b)  -> (artifact id: '8ccd6bb74a120e099dd6677fd64086e4') in 0.303872 seconds 
Number of asset objects unloaded after import = 3
========================================================================
Received Import Request.
  Time since last request: 0.000027 seconds.
  path: Assets/Honeti/PixelArtGUI/Textures/Icons/8/XGold.png
  artifactKey: Guid(f7df96a8dd4a8e143af69a833fc5cec9) Importer(815301076,1909f56bfc062723c751e8b465ee728b)
Number of updated assets reloaded before import = 0
Start importing Assets/Honeti/PixelArtGUI/Textures/Icons/8/XGold.png using Guid(f7df96a8dd4a8e143af69a833fc5cec9) Importer(815301076,1909f56bfc062723c751e8b465ee728b)  -> (artifact id: '4ef38315219e12fb8fc0d9a4c1cdc6e3') in 0.098769 seconds 
Number of asset objects unloaded after import = 3
========================================================================
Received Import Request.
  Time since last request: 0.000103 seconds.
  path: Assets/Honeti/PixelArtGUI/Textures/Icons/8/WrenchGreenDark.png
  artifactKey: Guid(20a27de948bd540498734544e7b9e16c) Importer(815301076,1909f56bfc062723c751e8b465ee728b)
Number of updated assets reloaded before import = 0
Start importing Assets/Honeti/PixelArtGUI/Textures/Icons/8/WrenchGreenDark.png using Guid(20a27de948bd540498734544e7b9e16c) Importer(815301076,1909f56bfc062723c751e8b465ee728b)  -> (artifact id: 'dede3284095cce256db8cca035981eb6') in 0.053005 seconds 
Number of asset objects unloaded after import = 3
Editor requested this worker to shutdown with reason: Scaling down because of idle timeout
AssetImportWorker is now disconnected from the server
Process exiting
Exiting without the bug reporter. Application will terminate with return code 0